# JRE version: Java(TM) SE Runtime Environment (8.0_191-b12) (build 1.8.0_191-b12)
# Java VM: Java HotSpot(TM) 64-Bit Server VM (25.191-b12 mixed mode bsd-amd64 compressed oops)
Heap:
 PSYoungGen      total 1203712K, used 278969K [0x000000076ab00000, 0x00000007bfd80000, 0x00000007c0000000)
  eden space 1036800K, 16% used [0x000000076ab00000,0x00000007750e6c00,0x00000007a9f80000)
  from space 166912K, 65% used [0x00000007a9f80000,0x00000007b0a078a0,0x00000007b4280000)
  to   space 166400K, 0% used [0x00000007b5b00000,0x00000007b5b00000,0x00000007bfd80000)
 ParOldGen       total 429056K, used 178847K [0x00000006c0000000, 0x00000006da300000, 0x000000076ab00000)
  object space 429056K, 41% used [0x00000006c0000000,0x00000006caea7c20,0x00000006da300000)
 Metaspace       used 93315K, capacity 97140K, committed 97196K, reserved 1134592K
  class space    used 11039K, capacity 12179K, committed 12204K, reserved 1048576K
GC Heap History (10 events):
Event: 294.723 GC heap before
{Heap before GC invocations=133 (full 4):
 PSYoungGen      total 1206784K, used 1163230K [0x000000076ab00000, 0x00000007c0000000, 0x00000007c0000000)
  eden space 1034240K, 100% used [0x000000076ab00000,0x00000007a9d00000,0x00000007a9d00000)
  from space 172544K, 74% used [0x00000007b5780000,0x00000007bd5778d8,0x00000007c0000000)
  to   space 181760K, 0% used [0x00000007a9d00000,0x00000007a9d00000,0x00000007b4e80000)
 ParOldGen       total 429056K, used 143556K [0x00000006c0000000, 0x00000006da300000, 0x000000076ab00000)
  object space 429056K, 33% used [0x00000006c0000000,0x00000006c8c310f8,0x00000006da300000)
 Metaspace       used 77049K, capacity 80064K, committed 80172K, reserved 1120256K
  class space    used 9121K, capacity 9952K, committed 10028K, reserved 1048576K
Event: 294.763 GC heap after
Heap after GC invocations=133 (full 4):
 PSYoungGen      total 1154560K, used 120044K [0x000000076ab00000, 0x00000007c0000000, 0x00000007c0000000)
  eden space 1034240K, 0% used [0x000000076ab00000,0x000000076ab00000,0x00000007a9d00000)
  from space 120320K, 99% used [0x00000007a9d00000,0x00000007b123b088,0x00000007b1280000)
  to   space 185856K, 0% used [0x00000007b4a80000,0x00000007b4a80000,0x00000007c0000000)
 ParOldGen       total 429056K, used 143572K [0x00000006c0000000, 0x00000006da300000, 0x000000076ab00000)
  object space 429056K, 33% used [0x00000006c0000000,0x00000006c8c350f8,0x00000006da300000)
 Metaspace       used 77049K, capacity 80064K, committed 80172K, reserved 1120256K
  class space    used 9121K, capacity 9952K, committed 10028K, reserved 1048576K
}
Event: 296.024 GC heap before
{Heap before GC invocations=134 (full 4):
 PSYoungGen      total 1154560K, used 1154284K [0x000000076ab00000, 0x00000007c0000000, 0x00000007c0000000)
  eden space 1034240K, 100% used [0x000000076ab00000,0x00000007a9d00000,0x00000007a9d00000)
  from space 120320K, 99% used [0x00000007a9d00000,0x00000007b123b088,0x00000007b1280000)
  to   space 185856K, 0% used [0x00000007b4a80000,0x00000007b4a80000,0x00000007c0000000)
 ParOldGen       total 429056K, used 143572K [0x00000006c0000000, 0x00000006da300000, 0x000000076ab00000)
  object space 429056K, 33% used [0x00000006c0000000,0x00000006c8c350f8,0x00000006da300000)
 Metaspace       used 77128K, capacity 80128K, committed 80428K, reserved 1120256K
  class space    used 9121K, capacity 9952K, committed 10028K, reserved 1048576K
Event: 296.074 GC heap after
Heap after GC invocations=134 (full 4):
 PSYoungGen      total 1221120K, used 89295K [0x000000076ab00000, 0x00000007c0000000, 0x00000007c0000000)
  eden space 1035264K, 0% used [0x000000076ab00000,0x000000076ab00000,0x00000007a9e00000)
  from space 185856K, 48% used [0x00000007b4a80000,0x00000007ba1b3c90,0x00000007c0000000)
  to   space 176640K, 0% used [0x00000007a9e00000,0x00000007a9e00000,0x00000007b4a80000)
 ParOldGen       total 429056K, used 171746K [0x00000006c0000000, 0x00000006da300000, 0x000000076ab00000)
  object space 429056K, 40% used [0x00000006c0000000,0x00000006ca7b8898,0x00000006da300000)
 Metaspace       used 77128K, capacity 80128K, committed 80428K, reserved 1120256K
  class space    used 9121K, capacity 9952K, committed 10028K, reserved 1048576K
}
Event: 298.186 GC heap before
{Heap before GC invocations=135 (full 4):
 PSYoungGen      total 1221120K, used 1124559K [0x000000076ab00000, 0x00000007c0000000, 0x00000007c0000000)
  eden space 1035264K, 100% used [0x000000076ab00000,0x00000007a9e00000,0x00000007a9e00000)
  from space 185856K, 48% used [0x00000007b4a80000,0x00000007ba1b3c90,0x00000007c0000000)
  to   space 176640K, 0% used [0x00000007a9e00000,0x00000007a9e00000,0x00000007b4a80000)
 ParOldGen       total 429056K, used 171746K [0x00000006c0000000, 0x00000006da300000, 0x000000076ab00000)
  object space 429056K, 40% used [0x00000006c0000000,0x00000006ca7b8898,0x00000006da300000)
 Metaspace       used 77206K, capacity 80210K, committed 80428K, reserved 1120256K
  class space    used 9125K, capacity 9958K, committed 10028K, reserved 1048576K
Event: 298.222 GC heap after
Heap after GC invocations=135 (full 4):
 PSYoungGen      total 1123840K, used 88073K [0x000000076ab00000, 0x00000007be700000, 0x00000007c0000000)
  eden space 1035264K, 0% used [0x000000076ab00000,0x000000076ab00000,0x00000007a9e00000)
  from space 88576K, 99% used [0x00000007a9e00000,0x00000007af402450,0x00000007af480000)
  to   space 168448K, 0% used [0x00000007b4280000,0x00000007b4280000,0x00000007be700000)
 ParOldGen       total 429056K, used 178767K [0x00000006c0000000, 0x00000006da300000, 0x000000076ab00000)
  object space 429056K, 41% used [0x00000006c0000000,0x00000006cae93c20,0x00000006da300000)
 Metaspace       used 77206K, capacity 80210K, committed 80428K, reserved 1120256K
  class space    used 9125K, capacity 9958K, committed 10028K, reserved 1048576K
}
Event: 300.855 GC heap before
{Heap before GC invocations=136 (full 4):
 PSYoungGen      total 1123840K, used 1123337K [0x000000076ab00000, 0x00000007be700000, 0x00000007c0000000)
  eden space 1035264K, 100% used [0x000000076ab00000,0x00000007a9e00000,0x00000007a9e00000)
  from space 88576K, 99% used [0x00000007a9e00000,0x00000007af402450,0x00000007af480000)
  to   space 168448K, 0% used [0x00000007b4280000,0x00000007b4280000,0x00000007be700000)
 ParOldGen       total 429056K, used 178767K [0x00000006c0000000, 0x00000006da300000, 0x000000076ab00000)
  object space 429056K, 41% used [0x00000006c0000000,0x00000006cae93c20,0x00000006da300000)
 Metaspace       used 88461K, capacity 92188K, committed 92460K, reserved 1130496K
  class space    used 10392K, capacity 11447K, committed 11564K, reserved 1048576K
Event: 300.899 GC heap after
Heap after GC invocations=136 (full 4):
 PSYoungGen      total 1205248K, used 105264K [0x000000076ab00000, 0x00000007c0000000, 0x00000007c0000000)
  eden space 1036800K, 0% used [0x000000076ab00000,0x000000076ab00000,0x00000007a9f80000)
  from space 168448K, 62% used [0x00000007b4280000,0x00000007ba94c238,0x00000007be700000)
  to   space 166912K, 0% used [0x00000007a9f80000,0x00000007a9f80000,0x00000007b4280000)
 ParOldGen       total 429056K, used 178799K [0x00000006c0000000, 0x00000006da300000, 0x000000076ab00000)
  object space 429056K, 41% used [0x00000006c0000000,0x00000006cae9bc20,0x00000006da300000)
 Metaspace       used 88461K, capacity 92188K, committed 92460K, reserved 1130496K
  class space    used 10392K, capacity 11447K, committed 11564K, reserved 1048576K
}
Event: 321.396 GC heap before
{Heap before GC invocations=137 (full 4):
 PSYoungGen      total 1205248K, used 1142064K [0x000000076ab00000, 0x00000007c0000000, 0x00000007c0000000)
  eden space 1036800K, 100% used [0x000000076ab00000,0x00000007a9f80000,0x00000007a9f80000)
  from space 168448K, 62% used [0x00000007b4280000,0x00000007ba94c238,0x00000007be700000)
  to   space 166912K, 0% used [0x00000007a9f80000,0x00000007a9f80000,0x00000007b4280000)
 ParOldGen       total 429056K, used 178799K [0x00000006c0000000, 0x00000006da300000, 0x000000076ab00000)
  object space 429056K, 41% used [0x00000006c0000000,0x00000006cae9bc20,0x00000006da300000)
 Metaspace       used 91732K, capacity 95536K, committed 95660K, reserved 1132544K
  class space    used 10826K, capacity 11939K, committed 11948K, reserved 1048576K
Event: 321.432 GC heap after
Heap after GC invocations=137 (full 4):
 PSYoungGen      total 1203712K, used 109086K [0x000000076ab00000, 0x00000007bfd80000, 0x00000007c0000000)
  eden space 1036800K, 0% used [0x000000076ab00000,0x000000076ab00000,0x00000007a9f80000)
  from space 166912K, 65% used [0x00000007a9f80000,0x00000007b0a078a0,0x00000007b4280000)
  to   space 166400K, 0% used [0x00000007b5b00000,0x00000007b5b00000,0x00000007bfd80000)
 ParOldGen       total 429056K, used 178847K [0x00000006c0000000, 0x00000006da300000, 0x000000076ab00000)
  object space 429056K, 41% used [0x00000006c0000000,0x00000006caea7c20,0x00000006da300000)
 Metaspace       used 91732K, capacity 95536K, committed 95660K, reserved 1132544K
  class space    used 10826K, capacity 11939K, committed 11948K, reserved 1048576K
}

